<?xml version="1.0" encoding="UTF-8"?>
<testsuite name="com.board.projectboard.ProjectBoardApplicationTests" tests="1" skipped="0" failures="0" errors="0" timestamp="2024-05-21T13:36:17" hostname="YYJ" time="2.783">
  <properties/>
  <testcase name="contextLoads()" classname="com.board.projectboard.ProjectBoardApplicationTests" time="2.783"/>
  <system-out><![CDATA[22:36:08.402 [Test worker] INFO org.springframework.test.context.support.AnnotationConfigContextLoaderUtils -- Could not detect default configuration classes for test class [com.board.projectboard.ProjectBoardApplicationTests]: ProjectBoardApplicationTests does not declare any static, non-private, non-final, nested classes annotated with @Configuration.
22:36:08.647 [Test worker] INFO org.springframework.boot.test.context.SpringBootTestContextBootstrapper -- Found @SpringBootConfiguration com.board.projectboard.ProjectBoardApplication for test class com.board.projectboard.ProjectBoardApplicationTests

  .   ____          _            __ _ _
 /\\ / ___'_ __ _ _(_)_ __  __ _ \ \ \ \
( ( )\___ | '_ | '_| | '_ \/ _` | \ \ \ \
 \\/  ___)| |_)| | | | | || (_| |  ) ) ) )
  '  |____| .__|_| |_|_| |_\__, | / / / /
 =========|_|==============|___/=/_/_/_/
 :: Spring Boot ::                (v3.2.5)

2024-05-21T22:36:10.469+09:00  INFO 424 --- [project-board] [    Test worker] c.b.p.ProjectBoardApplicationTests       : Starting ProjectBoardApplicationTests using Java 17.0.2 with PID 424 (started by ywj95 in D:\project-board)
2024-05-21T22:36:10.472+09:00  INFO 424 --- [project-board] [    Test worker] c.b.p.ProjectBoardApplicationTests       : No active profile set, falling back to 1 default profile: "default"
2024-05-21T22:36:17.271+09:00  INFO 424 --- [project-board] [    Test worker] o.s.b.a.e.web.EndpointLinksResolver      : Exposing 1 endpoint(s) beneath base path '/actuator'
2024-05-21T22:36:17.492+09:00  INFO 424 --- [project-board] [    Test worker] c.b.p.ProjectBoardApplicationTests       : Started ProjectBoardApplicationTests in 8.121 seconds (process running for 12.368)
]]></system-out>
  <system-err><![CDATA[]]></system-err>
</testsuite>
